
Showing logs for build [32mcb-kubecd-environment-pr-205-69-nk85l-1[0m stage [32mfrom-build-pack[0m and container [32mstep-credential-initializer-v5bkk[0m
{"level":"info","ts":1587299812.6984568,"logger":"fallback-logger","caller":"logging/config.go:69","msg":"Fetch GitHub commit ID from kodata failed: open /var/run/ko/refs/heads/0.8.0-ns-support: no such file or directory"}
{"level":"info","ts":1587299812.6993392,"logger":"fallback-logger","caller":"creds-init/main.go:40","msg":"Credentials initialized."}

Showing logs for build [32mcb-kubecd-environment-pr-205-69-nk85l-1[0m stage [32mfrom-build-pack[0m and container [32mstep-working-dir-initializer-k9sw6[0m
{"level":"info","ts":1587299814.1340427,"logger":"fallback-logger","caller":"logging/config.go:69","msg":"Fetch GitHub commit ID from kodata failed: open /var/run/ko/HEAD: no such file or directory"}
{"level":"info","ts":1587299814.1354933,"logger":"fallback-logger","caller":"bash/main.go:64","msg":"Successfully executed command \"sh -c mkdir -p /workspace/source\"; output "}

Showing logs for build [32mcb-kubecd-environment-pr-205-69-nk85l-1[0m stage [32mfrom-build-pack[0m and container [32mstep-place-tools[0m

Showing logs for build [32mcb-kubecd-environment-pr-205-69-nk85l-1[0m stage [32mfrom-build-pack[0m and container [32mstep-git-source-cb-kubecd-environment-pr-205-69-nk85l-zh8pv[0m
{"level":"info","ts":1587299841.1922653,"logger":"fallback-logger","caller":"logging/config.go:69","msg":"Fetch GitHub commit ID from kodata failed: open /var/run/ko/refs/heads/0.8.0-ns-support: no such file or directory"}
{"level":"info","ts":1587299842.2176764,"logger":"fallback-logger","caller":"git/git.go:103","msg":"Successfully cloned https://github.com/cb-kubecd/environment-pr-205-69-boot-gke-production.git @ master in path /workspace/source"}

Showing logs for build [32mcb-kubecd-environment-pr-205-69-nk85l-1[0m stage [32mfrom-build-pack[0m and container [32mstep-git-merge[0m
Using SHAs from PULL_REFS=master:3ca65cbd44146a75741287cce8d815a4ab24ccc1,1:7ded9887e61e5f4404f251344bce579f419a9665
DEBUG: JX_LOG_LEVEL=error LC_ALL=C git fetch origin --unshallow 7ded9887e61e5f4404f251344bce579f419a9665: 3ca65cbd44146a75741287cce8d815a4ab24ccc1:
DEBUG: ran git fetch --unshallow origin 7ded9887e61e5f4404f251344bce579f419a9665: 3ca65cbd44146a75741287cce8d815a4ab24ccc1: in 
DEBUG: LC_ALL=C JX_LOG_LEVEL=error git branch
DEBUG: JX_LOG_LEVEL=error LC_ALL=C git checkout master
DEBUG: ran git checkout master in 
DEBUG: LC_ALL=C JX_LOG_LEVEL=error git reset --hard 3ca65cbd44146a75741287cce8d815a4ab24ccc1
DEBUG: ran git reset --hard 3ca65cbd44146a75741287cce8d815a4ab24ccc1 in 
DEBUG: LC_ALL=C JX_LOG_LEVEL=error git clean -fd .
DEBUG: ran clean --force -d . in 
DEBUG: LC_ALL=C JX_LOG_LEVEL=error git merge 7ded9887e61e5f4404f251344bce579f419a9665
DEBUG: ran git merge 7ded9887e61e5f4404f251344bce579f419a9665 in 
DEBUG: LC_ALL=C JX_LOG_LEVEL=error git log --format=%H%x1f%an%x1f%ae%x1f%cn%x1f%ce%x1f%s%n%b%x1e 3ca65cbd44146a75741287cce8d815a4ab24ccc1..HEAD
Merged SHA 7ded9887e61e5f4404f251344bce579f419a9665 with commit message 'chore: Promote bdd-spring-1587298914 to version 0.0.1' into base branch master

Showing logs for build [32mcb-kubecd-environment-pr-205-69-nk85l-1[0m stage [32mfrom-build-pack[0m and container [32mstep-build-helm-build[0m
WARNING: No $CHART_REPOSITORY defined so using the default value of: http://jenkins-x-chartmuseum:8080
Adding missing Helm repo: storage.googleapis.com https://storage.googleapis.com/chartmuseum.jenkins-x.io
WARNING: No secrets found on "helm/repos" due: reading the secret "helm/repos" from vault: no secret "helm/repos" not found in vault
Read credentials for https://storage.googleapis.com/chartmuseum.jenkins-x.io from vault helm/repos
Successfully added Helm repository storage.googleapis.com.
Adding missing Helm repo: jenkins-x-chartmuseum http://jenkins-x-chartmuseum:8080
WARNING: No secrets found on "helm/repos" due: reading the secret "helm/repos" from vault: no secret "helm/repos" not found in vault
Read credentials for http://jenkins-x-chartmuseum:8080 from vault helm/repos
Successfully added Helm repository jenkins-x-chartmuseum.
WARNING: No $CHART_REPOSITORY defined so using the default value of: http://jenkins-x-chartmuseum:8080
Adding missing Helm repo: chartmuseum.jenkins-x.io http://chartmuseum.jenkins-x.io
WARNING: No secrets found on "helm/repos" due: reading the secret "helm/repos" from vault: no secret "helm/repos" not found in vault
Read credentials for http://chartmuseum.jenkins-x.io from vault helm/repos
Successfully added Helm repository chartmuseum.jenkins-x.io.
